SF:lib/src/analyzer/abstract.dart
DA:12,2
DA:17,0
LF:2
LH:1
end_of_record
SF:lib/src/analyzer/dartpad_analyzer.dart
DA:17,0
DA:19,0
DA:21,0
DA:22,0
DA:23,0
DA:24,0
DA:29,0
DA:30,0
DA:32,0
DA:37,0
DA:38,0
DA:39,0
DA:40,0
DA:45,0
DA:46,0
DA:47,0
DA:48,0
DA:49,0
DA:50,0
DA:52,0
DA:56,0
DA:58,0
DA:60,0
DA:62,0
LF:24
LH:0
end_of_record
SF:lib/src/analyzer/default_analyzer.dart
DA:7,2
DA:9,19
DA:11,57
DA:14,19
LF:4
LH:4
end_of_record
SF:lib/src/analyzer/models/analysis_result.dart
DA:4,20
LF:1
LH:1
end_of_record
SF:lib/src/analyzer/models/issue.dart
DA:6,5
DA:20,0
DA:21,0
LF:3
LH:1
end_of_record
SF:lib/src/code/code.dart
DA:33,25
DA:41,58
DA:43,25
DA:49,25
DA:50,25
DA:54,25
DA:57,25
DA:59,25
DA:61,25
DA:67,19
DA:69,19
DA:75,19
DA:76,19
DA:79,13
DA:80,13
DA:83,74
DA:85,25
DA:87,2
DA:89,25
DA:90,25
DA:96,25
DA:102,25
DA:106,25
DA:107,25
DA:111,25
DA:113,25
DA:115,25
DA:120,25
DA:124,25
DA:132,47
DA:133,25
DA:138,26
DA:183,1
DA:186,3
DA:187,3
DA:191,25
DA:196,30
DA:197,5
DA:203,7
DA:205,15
DA:206,15
DA:214,25
DA:219,50
DA:221,25
DA:224,148
DA:225,2
DA:227,4
DA:229,3
DA:236,3
DA:237,3
DA:238,2
DA:240,2
DA:242,2
DA:246,1
DA:247,4
DA:248,4
DA:249,4
DA:252,1
DA:253,2
DA:257,3
DA:265,25
DA:268,25
DA:269,25
DA:270,39
DA:271,13
DA:272,52
DA:273,13
DA:274,13
DA:281,0
DA:282,0
DA:286,0
DA:287,0
DA:289,0
DA:290,0
DA:291,0
DA:292,0
DA:298,16
DA:299,63
DA:300,64
DA:324,17
DA:328,17
DA:329,34
DA:331,10
DA:332,5
DA:336,51
DA:337,0
DA:338,0
DA:348,17
DA:356,34
DA:357,119
DA:372,34
DA:373,17
DA:378,51
DA:379,51
DA:383,17
DA:384,102
DA:385,10
DA:386,1
DA:387,2
DA:388,2
DA:390,1
DA:391,1
DA:396,48
DA:397,48
DA:398,32
DA:407,32
DA:408,82
DA:412,16
DA:413,48
DA:414,64
DA:417,16
DA:423,8
DA:424,8
DA:425,16
DA:430,8
DA:431,16
DA:436,8
DA:437,24
DA:442,3
DA:443,3
DA:444,6
DA:449,3
DA:450,9
DA:451,6
DA:455,8
DA:458,34
DA:459,40
DA:462,9
DA:463,45
DA:464,36
DA:467,27
DA:468,54
DA:469,3
DA:472,9
DA:473,27
DA:475,9
DA:476,9
DA:482,19
DA:483,19
DA:484,38
DA:485,19
DA:486,38
DA:487,19
DA:490,57
DA:491,19
DA:492,19
DA:493,10
DA:497,19
DA:498,19
DA:503,19
DA:507,19
DA:509,19
DA:510,19
DA:514,19
DA:515,19
DA:516,19
DA:518,19
DA:521,19
DA:522,19
DA:523,19
DA:524,19
DA:526,57
DA:527,38
DA:528,19
LF:164
LH:154
end_of_record
SF:lib/src/code/code_line.dart
DA:8,8
DA:15,1
DA:19,1
DA:21,29
DA:25,87
DA:26,29
DA:33,0
DA:35,0
DA:37,6
DA:42,6
DA:43,6
DA:44,6
DA:45,0
DA:46,0
DA:49,1
DA:51,1
DA:52,3
DA:53,3
DA:54,3
DA:57,0
DA:58,0
DA:59,0
DA:60,0
DA:61,0
DA:64,29
DA:66,56
DA:67,81
DA:68,23
LF:28
LH:19
end_of_record
SF:lib/src/code/string.dart
DA:25,10
DA:29,10
DA:34,10
DA:35,10
DA:36,1
DA:37,1
DA:41,10
DA:42,50
DA:44,20
DA:45,20
DA:47,40
DA:48,7
DA:49,7
DA:52,20
DA:53,40
DA:54,8
DA:57,20
DA:60,1
DA:61,3
DA:63,2
DA:64,2
DA:66,4
DA:67,1
DA:70,6
DA:71,4
DA:72,1
DA:73,1
DA:76,2
DA:79,17
DA:80,34
DA:83,18
DA:85,0
LF:32
LH:31
end_of_record
SF:lib/src/code/text_range.dart
DA:4,16
DA:5,16
DA:8,76
DA:12,17
DA:14,34
DA:15,2
DA:21,5
DA:22,10
DA:26,10
DA:27,3
LF:10
LH:10
end_of_record
SF:lib/src/code_field/code_controller/code_controller.dart
DA:29,19
DA:47,57
DA:48,19
DA:49,19
DA:50,38
DA:51,19
DA:53,38
DA:56,38
DA:57,57
DA:61,19
DA:62,19
DA:63,0
DA:64,0
DA:67,38
DA:68,38
DA:69,57
DA:71,38
DA:78,38
DA:80,1
DA:81,1
DA:88,2
DA:90,16
DA:91,32
DA:95,1
DA:96,2
DA:105,1
DA:106,1
DA:110,2
DA:144,0
DA:146,0
DA:154,32
DA:167,14
DA:168,7
DA:169,7
DA:170,7
DA:171,7
DA:172,7
DA:173,7
DA:176,19
DA:177,33
DA:179,76
DA:185,34
DA:186,2
DA:190,19
DA:191,19
DA:192,38
DA:194,76
DA:200,12
DA:204,12
DA:205,24
DA:206,12
DA:209,19
DA:213,38
DA:218,48
DA:219,48
DA:222,16
DA:223,32
DA:224,48
DA:225,16
DA:226,16
DA:230,0
DA:231,0
DA:235,0
DA:236,0
DA:238,0
DA:239,0
DA:241,0
DA:242,0
DA:243,0
DA:248,0
DA:249,0
DA:253,0
DA:254,0
DA:256,0
DA:257,0
DA:258,0
DA:263,0
DA:264,0
DA:265,0
DA:267,0
DA:268,0
DA:269,0
DA:274,0
DA:275,0
DA:276,0
DA:278,0
DA:282,7
DA:283,14
DA:284,0
DA:287,14
DA:288,7
DA:294,7
DA:295,14
DA:296,0
DA:297,0
DA:300,0
DA:301,0
DA:304,0
DA:305,0
DA:306,0
DA:307,0
DA:315,0
DA:316,0
DA:319,0
DA:320,0
DA:323,1
DA:324,2
DA:325,2
DA:326,2
DA:327,2
DA:352,0
DA:353,0
DA:358,15
DA:359,30
DA:362,0
DA:370,0
DA:375,0
DA:376,0
DA:377,0
DA:381,0
DA:382,0
DA:383,0
DA:384,0
DA:388,9
DA:390,19
DA:391,38
DA:392,76
DA:395,16
DA:396,16
DA:398,112
DA:402,7
DA:405,17
DA:407,68
DA:408,68
DA:415,48
DA:418,14
DA:419,14
DA:420,20
DA:424,5
DA:425,5
DA:426,5
DA:431,16
DA:432,48
DA:435,16
DA:442,60
DA:443,30
DA:445,60
DA:446,36
DA:448,12
DA:451,3
DA:452,6
DA:453,9
DA:463,32
DA:464,16
DA:465,16
DA:469,16
DA:471,15
DA:472,60
DA:473,45
DA:474,30
DA:476,22
DA:480,1
DA:481,4
DA:483,4
DA:484,3
DA:486,2
DA:487,2
DA:492,1
DA:493,2
DA:494,8
DA:498,2
DA:499,1
DA:503,2
DA:504,0
DA:507,1
DA:508,2
DA:509,2
DA:511,1
DA:515,1
DA:516,2
DA:517,1
DA:518,3
DA:519,8
DA:523,2
DA:524,3
DA:525,2
DA:528,3
DA:529,4
DA:530,3
DA:531,4
DA:535,2
DA:536,1
DA:539,1
DA:559,1
DA:560,1
DA:561,1
DA:563,1
DA:567,1
DA:568,2
DA:569,5
DA:570,2
DA:571,1
DA:580,1
DA:581,8
DA:585,1
DA:587,4
DA:588,6
DA:597,1
DA:598,4
DA:603,2
DA:604,1
DA:608,1
DA:611,1
DA:616,1
DA:617,2
DA:618,1
DA:623,5
DA:626,3
DA:627,2
DA:631,2
DA:632,1
DA:653,3
DA:656,24
DA:660,3
DA:663,3
DA:664,12
DA:666,15
DA:669,18
DA:670,3
DA:673,3
DA:675,21
DA:676,24
DA:679,9
DA:685,3
DA:687,3
DA:689,6
DA:692,9
DA:696,6
DA:697,3
DA:702,6
DA:703,6
DA:708,3
DA:709,9
DA:710,6
DA:713,9
DA:715,19
DA:719,9
DA:720,9
DA:722,3
DA:724,3
DA:728,36
DA:730,16
DA:731,64
DA:732,48
DA:739,19
DA:740,57
DA:741,14
DA:745,19
DA:746,19
DA:747,57
DA:750,19
DA:751,19
DA:753,19
DA:754,57
DA:755,19
DA:756,19
DA:757,19
DA:761,19
DA:762,38
DA:763,76
DA:768,7
DA:775,14
DA:778,7
DA:783,7
DA:784,7
DA:785,7
DA:786,7
DA:788,7
DA:791,0
DA:794,7
DA:795,14
DA:798,8
DA:800,8
DA:801,14
DA:802,16
DA:803,8
DA:804,8
DA:806,8
DA:810,0
DA:816,19
DA:817,19
DA:818,57
DA:820,57
DA:824,19
DA:825,19
DA:826,19
DA:827,38
DA:828,95
DA:837,8
DA:838,16
DA:839,16
DA:840,8
DA:847,3
DA:848,6
DA:849,6
DA:850,3
DA:856,3
DA:857,9
DA:859,9
DA:863,3
DA:869,4
DA:871,12
DA:872,4
DA:873,8
DA:882,1
DA:883,6
DA:884,6
DA:886,3
DA:887,2
DA:888,1
DA:889,2
DA:896,2
DA:901,0
LF:323
LH:265
end_of_record
SF:lib/src/code_field/code_field.dart
DA:21,21
DA:23,7
DA:31,7
DA:37,7
DA:45,7
DA:51,7
DA:61,7
DA:66,7
DA:73,7
DA:78,7
DA:84,7
DA:95,7
DA:122,7
DA:126,7
DA:186,7
DA:187,7
DA:215,7
DA:217,7
DA:219,14
DA:220,21
DA:221,21
DA:223,21
DA:224,28
DA:228,7
DA:231,21
DA:233,21
DA:234,7
DA:237,28
DA:238,28
DA:239,14
DA:240,7
DA:243,28
DA:244,28
DA:246,35
DA:247,7
DA:250,7
DA:251,21
DA:254,7
DA:256,28
DA:257,28
DA:258,35
DA:259,21
DA:260,7
DA:262,14
DA:263,14
DA:264,7
DA:265,7
DA:268,1
DA:270,1
DA:271,4
DA:272,4
DA:273,5
DA:275,4
DA:276,4
DA:277,5
DA:280,7
DA:281,14
DA:282,21
DA:283,7
DA:288,14
DA:290,14
DA:291,14
DA:292,14
DA:298,7
DA:300,28
DA:301,7
DA:303,21
DA:304,21
DA:308,7
DA:309,42
DA:310,35
DA:314,21
DA:315,21
DA:316,21
DA:317,7
DA:319,14
DA:320,7
DA:326,7
DA:330,7
DA:335,7
DA:336,7
DA:339,7
DA:340,7
DA:341,7
DA:345,7
DA:347,7
DA:348,7
DA:353,14
DA:361,7
DA:366,7
DA:367,7
DA:368,21
DA:369,0
DA:370,7
DA:372,14
DA:373,0
DA:376,7
DA:377,7
DA:378,21
DA:379,21
DA:382,28
DA:386,14
DA:387,7
DA:392,7
DA:393,7
DA:394,14
DA:396,14
DA:397,14
DA:398,14
DA:399,14
DA:400,14
DA:401,7
DA:402,14
DA:404,0
DA:405,7
DA:416,21
DA:417,14
DA:420,14
DA:421,14
DA:422,14
DA:428,0
DA:429,0
DA:435,7
DA:436,14
DA:437,14
DA:438,7
DA:442,28
DA:443,21
DA:444,21
DA:447,7
DA:448,7
DA:450,21
DA:455,7
DA:456,21
DA:457,7
DA:458,7
DA:459,14
DA:460,7
DA:461,7
DA:463,7
DA:465,7
DA:466,21
DA:467,7
DA:469,7
DA:471,14
DA:478,7
DA:479,14
DA:481,42
DA:485,35
DA:487,14
DA:489,7
DA:494,21
DA:496,21
DA:497,14
DA:499,7
DA:504,7
DA:505,14
DA:507,7
DA:508,7
DA:512,7
DA:514,14
DA:515,21
DA:517,14
DA:521,28
DA:524,14
DA:525,21
DA:529,7
DA:533,35
DA:534,0
DA:536,7
DA:539,14
DA:543,14
DA:544,7
DA:547,21
DA:551,14
DA:553,14
DA:554,7
DA:555,14
DA:556,14
DA:560,7
DA:561,7
DA:563,14
DA:564,7
DA:567,7
DA:569,21
DA:572,28
DA:573,21
DA:576,7
DA:577,1
DA:585,7
DA:586,14
DA:592,42
DA:593,7
DA:596,7
DA:602,7
DA:605,14
DA:608,14
DA:609,14
DA:612,14
DA:615,7
DA:617,21
DA:620,7
DA:622,28
DA:624,7
DA:625,7
DA:629,0
DA:630,0
DA:631,0
DA:634,0
DA:637,0
DA:638,0
DA:639,0
DA:640,0
DA:641,0
DA:642,0
DA:643,0
DA:644,0
DA:645,0
DA:646,0
DA:647,0
DA:648,0
DA:649,0
DA:650,0
DA:656,0
DA:658,0
DA:659,0
DA:663,0
DA:664,0
DA:665,0
DA:667,0
DA:668,0
LF:231
LH:199
end_of_record
SF:lib/src/code_field/editor_params.dart
DA:2,2
LF:1
LH:1
end_of_record
SF:lib/src/code_field/text_editing_value.dart
DA:13,1
DA:14,1
DA:19,1
DA:20,1
DA:23,1
DA:28,16
DA:29,16
DA:34,12
DA:35,12
DA:37,30
DA:40,16
DA:41,32
DA:45,48
DA:46,16
DA:50,12
DA:52,12
DA:53,44
DA:55,24
DA:56,31
DA:58,12
DA:63,1
DA:64,1
DA:69,3
DA:70,1
DA:72,1
DA:73,2
DA:77,1
DA:78,2
DA:81,5
DA:82,10
DA:86,4
DA:87,4
DA:91,4
DA:93,8
DA:97,17
DA:98,34
DA:99,34
DA:100,34
DA:102,34
DA:104,17
DA:106,17
DA:111,17
DA:115,17
DA:120,120
DA:124,13
DA:125,26
DA:127,26
DA:132,27
DA:135,19
DA:136,136
DA:139,60
DA:142,17
DA:143,120
DA:146,26
DA:147,26
DA:148,26
DA:153,19
DA:154,136
DA:155,12
DA:157,60
DA:160,1
DA:161,4
DA:163,3
DA:164,4
DA:168,1
DA:169,1
DA:170,1
DA:173,2
DA:174,2
DA:178,2
DA:180,0
DA:183,1
DA:184,1
DA:185,1
DA:187,1
DA:189,1
DA:199,18
DA:200,18
DA:201,18
DA:202,5
DA:203,25
DA:206,18
DA:207,18
DA:208,24
DA:210,16
DA:211,16
DA:212,12
DA:213,24
DA:214,60
DA:217,6
DA:218,6
DA:223,18
DA:224,54
DA:228,18
DA:229,18
DA:230,54
DA:232,54
DA:233,37
DA:237,12
DA:238,10
DA:239,15
DA:240,40
DA:247,60
DA:248,24
DA:252,12
LF:105
LH:104
end_of_record
SF:lib/src/code_modifiers/close_block_code_modifier.dart
DA:11,4
DA:13,0
DA:21,0
DA:22,0
DA:26,0
DA:31,0
DA:34,0
DA:35,0
LF:8
LH:1
end_of_record
SF:lib/src/code_modifiers/code_modifier.dart
DA:6,2
DA:10,6
DA:11,6
DA:12,6
DA:13,6
DA:14,6
DA:15,6
DA:16,6
LF:8
LH:8
end_of_record
SF:lib/src/code_modifiers/indent_code_modifier.dart
DA:9,2
DA:11,2
DA:14,5
DA:23,28
DA:24,10
DA:28,6
DA:29,2
DA:31,3
DA:36,10
DA:37,2
DA:40,10
DA:41,15
LF:12
LH:12
end_of_record
SF:lib/src/code_modifiers/tab_code_modifier.dart
DA:9,4
DA:11,0
LF:2
LH:1
end_of_record
SF:lib/src/code_theme/code_theme.dart
DA:6,0
DA:14,7
DA:15,7
DA:16,0
DA:19,0
DA:21,0
LF:6
LH:2
end_of_record
SF:lib/src/code_theme/code_theme_data.dart
DA:5,8
DA:15,8
DA:17,2
DA:21,2
DA:25,2
DA:29,2
DA:33,2
DA:37,0
DA:41,2
DA:45,0
DA:50,0
DA:51,0
DA:53,0
DA:56,0
LF:14
LH:8
end_of_record
SF:lib/src/folding/foldable_block.dart
DA:9,22
DA:18,1
DA:19,1
DA:21,1
DA:22,1
DA:24,15
DA:25,15
DA:26,15
DA:27,15
DA:28,15
DA:31,1
DA:32,6
DA:35,30
DA:37,3
DA:39,3
DA:40,3
DA:41,1
DA:50,4
DA:52,4
DA:53,4
DA:62,18
DA:63,63
DA:66,6
DA:67,6
DA:68,18
DA:69,18
DA:70,6
DA:74,6
DA:75,6
DA:76,12
DA:77,12
DA:78,6
DA:82,6
DA:83,12
DA:87,12
DA:96,24
DA:97,100
DA:103,25
DA:104,50
DA:110,20
DA:111,20
DA:113,60
DA:117,20
DA:120,20
DA:121,20
DA:123,40
DA:128,40
DA:129,20
DA:130,20
DA:131,20
DA:133,60
DA:136,14
DA:137,14
DA:138,14
DA:142,18
DA:144,54
DA:145,54
DA:148,6
DA:150,12
DA:151,6
DA:153,6
DA:154,6
DA:155,6
DA:156,6
DA:167,6
DA:168,6
LF:66
LH:66
end_of_record
SF:lib/src/folding/invalid_foldable_block.dart
DA:11,5
DA:16,5
DA:19,5
DA:29,3
DA:30,3
DA:31,3
DA:32,3
DA:33,3
DA:38,24
DA:39,24
DA:40,2
DA:41,10
LF:12
LH:12
end_of_record
SF:lib/src/folding/parsers/highlight.dart
DA:14,23
DA:20,23
DA:21,46
DA:24,23
DA:25,23
DA:28,23
DA:29,46
DA:30,23
DA:34,23
DA:35,23
DA:36,23
DA:37,19
DA:40,23
DA:41,20
DA:44,23
DA:45,6
DA:49,23
DA:53,19
DA:54,19
DA:56,34
DA:60,14
DA:64,12
DA:65,11
DA:69,12
DA:71,12
DA:72,6
DA:73,6
DA:74,6
DA:77,12
DA:80,20
DA:81,40
DA:86,20
DA:89,20
DA:90,9
DA:92,18
DA:93,0
DA:95,18
DA:96,18
DA:101,6
DA:102,6
DA:104,6
DA:105,6
DA:106,1
DA:107,1
DA:108,1
DA:111,6
DA:114,23
DA:115,23
DA:117,23
DA:118,34
DA:123,23
DA:124,23
DA:129,45
DA:131,22
DA:132,22
DA:133,22
DA:134,22
DA:137,22
DA:141,22
DA:142,21
DA:143,21
DA:144,21
DA:147,22
DA:148,36
DA:151,22
DA:152,36
DA:155,22
DA:156,8
DA:159,22
DA:160,8
DA:163,22
DA:164,36
DA:167,22
DA:168,36
LF:74
LH:73
end_of_record
SF:lib/src/line_numbers/gutter_style.dart
DA:4,9
DA:51,14
DA:63,7
DA:67,7
DA:68,7
DA:69,7
DA:70,0
DA:72,7
DA:73,7
DA:74,7
DA:75,7
DA:76,7
LF:12
LH:11
end_of_record
SF:lib/src/named_sections/named_section.dart
DA:6,17
DA:21,1
DA:22,1
DA:24,1
DA:25,1
DA:27,1
DA:28,1
DA:29,1
DA:30,1
DA:31,1
DA:34,0
DA:35,0
LF:12
LH:10
end_of_record
SF:lib/src/named_sections/parsers/abstract.dart
DA:16,3
DA:18,14
DA:21,14
DA:25,42
DA:26,42
DA:33,13
DA:34,13
DA:35,26
DA:36,24
LF:9
LH:9
end_of_record
SF:lib/src/named_sections/parsers/brackets_start_end.dart
DA:26,3
DA:28,51
DA:29,51
DA:31,18
DA:35,18
DA:36,18
DA:38,35
DA:39,68
DA:40,17
DA:41,17
DA:42,17
DA:43,17
DA:44,2
DA:47,67
DA:48,16
DA:49,64
DA:53,18
DA:56,18
DA:60,18
DA:62,34
DA:63,16
DA:64,16
DA:66,16
DA:67,16
DA:68,16
DA:74,16
DA:77,35
DA:78,17
DA:79,17
DA:81,17
DA:82,17
DA:84,17
LF:32
LH:32
end_of_record
SF:lib/src/autocomplete/autocompleter.dart
DA:15,48
DA:18,34
DA:21,44
DA:23,17
DA:24,17
DA:25,17
DA:28,17
DA:29,34
DA:31,34
DA:36,16
DA:37,15
DA:38,15
DA:39,6
DA:40,14
DA:41,14
DA:43,0
DA:44,0
DA:49,16
DA:50,32
DA:51,96
DA:55,14
DA:56,28
DA:57,56
DA:61,6
DA:62,18
DA:65,14
DA:66,28
DA:70,0
DA:72,16
DA:73,32
DA:79,16
DA:81,0
DA:82,0
DA:86,48
DA:90,16
DA:91,16
DA:92,32
DA:95,16
DA:96,48
DA:99,16
DA:100,32
DA:101,32
DA:105,16
DA:106,16
DA:107,16
DA:111,64
DA:112,48
DA:113,16
DA:119,1
DA:120,2
DA:121,2
DA:124,1
DA:125,1
DA:126,2
DA:127,2
DA:129,5
DA:131,1
LF:57
LH:52
end_of_record
SF:lib/src/code/reg_exp.dart
DA:2,51
LF:1
LH:1
end_of_record
SF:lib/src/highlight/result.dart
DA:6,0
DA:12,0
DA:13,0
DA:14,0
DA:16,0
DA:17,0
DA:19,0
DA:20,0
DA:25,0
DA:26,0
DA:30,0
DA:36,0
DA:37,0
DA:39,0
DA:40,0
DA:44,23
DA:45,23
DA:46,46
DA:50,23
DA:57,46
DA:58,84
DA:59,84
DA:60,84
DA:61,84
DA:62,84
DA:63,0
DA:67,23
DA:68,23
DA:69,0
DA:70,23
DA:71,23
DA:72,23
LF:32
LH:15
end_of_record
SF:lib/src/folding/foldable_block_matcher.dart
DA:11,19
DA:19,19
DA:23,12
DA:24,18
DA:25,6
DA:33,36
DA:34,42
DA:37,6
DA:38,6
DA:39,6
DA:43,30
DA:45,12
DA:46,12
DA:49,5
DA:57,2
DA:73,6
DA:74,12
DA:75,6
DA:77,12
DA:82,20
DA:87,5
DA:88,5
DA:90,10
DA:91,15
DA:92,35
DA:95,5
DA:96,5
DA:99,10
DA:100,10
DA:101,5
DA:102,15
DA:109,15
LF:32
LH:32
end_of_record
SF:lib/src/folding/parsers/parser_factory.dart
DA:13,19
DA:14,38
DA:15,3
DA:17,38
DA:18,17
DA:21,10
DA:22,0
DA:25,5
LF:8
LH:7
end_of_record
SF:lib/src/hidden_ranges/hidden_line_ranges.dart
DA:6,26
DA:10,26
DA:11,26
DA:16,36
DA:17,10
DA:19,10
DA:20,10
DA:21,10
DA:22,10
DA:23,10
DA:26,10
DA:29,26
DA:30,26
DA:31,26
DA:32,26
DA:33,26
DA:36,26
DA:40,26
DA:44,27
DA:64,8
DA:65,16
DA:68,9
DA:69,18
DA:72,18
DA:74,1
DA:75,1
DA:76,1
LF:27
LH:27
end_of_record
SF:lib/src/hidden_ranges/hidden_line_ranges_builder.dart
DA:7,26
DA:11,26
DA:14,42
DA:15,16
DA:16,32
DA:17,16
DA:19,16
DA:44,9
DA:46,9
DA:47,9
DA:48,9
DA:49,27
DA:54,9
DA:57,26
DA:58,26
DA:60,52
DA:65,26
LF:17
LH:17
end_of_record
SF:lib/src/hidden_ranges/hidden_range.dart
DA:6,17
DA:12,37
DA:13,37
DA:15,34
DA:16,2
DA:18,17
DA:25,80
DA:28,15
DA:29,60
DA:30,15
DA:31,15
DA:32,6
DA:36,0
DA:39,2
DA:40,2
DA:41,2
DA:42,2
DA:43,2
DA:44,2
DA:45,2
LF:20
LH:19
end_of_record
SF:lib/src/hidden_ranges/hidden_ranges.dart
DA:12,30
DA:16,30
DA:19,30
DA:23,2
DA:43,30
DA:44,90
DA:45,76
DA:53,30
DA:55,90
DA:57,80
DA:58,80
DA:59,20
DA:68,26
DA:69,68
DA:73,32
DA:74,16
DA:77,16
DA:86,64
DA:87,32
DA:89,64
DA:90,16
DA:91,48
DA:93,16
DA:94,16
DA:98,16
DA:99,48
DA:102,16
DA:108,16
DA:111,62
DA:112,64
DA:121,26
DA:128,23
DA:133,23
DA:134,46
DA:138,23
DA:139,46
DA:141,61
DA:143,23
DA:144,23
DA:147,23
DA:152,69
DA:155,23
DA:156,23
DA:158,23
DA:159,23
DA:167,21
DA:168,82
DA:172,32
DA:173,24
DA:177,15
DA:180,5
DA:182,9
DA:183,9
DA:185,3
DA:186,6
DA:187,6
DA:188,3
DA:189,3
DA:191,3
DA:192,6
DA:194,3
DA:195,0
DA:198,6
DA:200,3
DA:201,3
DA:202,8
DA:203,3
DA:204,3
DA:206,2
DA:207,2
DA:213,10
DA:214,5
DA:215,5
DA:216,8
DA:217,5
DA:218,9
DA:221,12
DA:230,22
DA:231,96
DA:235,84
DA:236,33
DA:240,30
DA:243,10
DA:246,63
DA:248,63
DA:250,9
DA:251,18
DA:252,18
DA:253,9
DA:254,9
DA:255,18
DA:258,45
DA:260,18
DA:261,9
DA:263,8
DA:265,8
DA:266,56
DA:267,0
DA:269,24
DA:270,1
DA:272,4
DA:273,8
DA:274,0
DA:276,3
DA:279,7
DA:280,7
DA:281,14
DA:283,35
DA:284,7
DA:285,18
DA:289,3
DA:290,3
DA:291,6
DA:293,15
DA:294,3
DA:295,8
DA:303,6
DA:304,18
DA:305,1
DA:306,3
DA:312,20
DA:313,20
DA:314,40
DA:315,20
DA:321,6
DA:322,12
DA:323,12
DA:329,20
DA:330,20
DA:331,20
DA:332,20
DA:336,20
DA:342,4
DA:343,4
DA:344,4
DA:347,4
DA:348,4
DA:354,0
DA:355,0
DA:356,0
DA:357,0
DA:360,1
DA:362,1
DA:363,3
DA:364,3
LF:145
LH:138
end_of_record
SF:lib/src/hidden_ranges/hidden_ranges_builder.dart
DA:25,2
DA:30,26
DA:33,26
DA:34,130
DA:45,26
DA:46,52
DA:48,67
DA:49,15
DA:50,30
DA:52,45
DA:53,18
DA:55,18
DA:56,6
DA:58,6
DA:59,22
DA:60,6
DA:63,6
DA:64,6
DA:71,9
DA:72,9
DA:74,18
DA:75,18
DA:78,27
DA:80,9
DA:82,18
DA:86,4
DA:87,4
DA:89,11
DA:91,4
DA:93,8
DA:101,19
DA:104,19
DA:106,19
DA:108,19
DA:110,38
DA:116,20
DA:117,20
DA:119,60
DA:120,80
LF:39
LH:39
end_of_record
SF:lib/src/service_comment_filter/service_comment_filter.dart
DA:5,29
DA:9,48
DA:10,19
DA:16,19
DA:20,19
DA:25,16
DA:26,16
DA:28,16
LF:8
LH:8
end_of_record
SF:lib/src/single_line_comments/parser/single_line_comment_parser.dart
DA:8,31
DA:13,28
DA:14,28
DA:21,6
LF:4
LH:4
end_of_record
SF:lib/src/single_line_comments/parser/single_line_comments.dart
DA:14,0
DA:16,96
DA:17,64
DA:18,64
DA:19,64
DA:20,64
DA:21,64
DA:22,64
DA:23,64
DA:24,64
DA:25,64
DA:26,64
LF:12
LH:11
end_of_record
SF:lib/src/single_line_comments/single_line_comment.dart
DA:7,24
DA:17,23
DA:23,23
DA:25,23
DA:51,40
DA:53,0
DA:54,0
DA:55,0
DA:56,0
DA:57,0
DA:58,0
DA:61,2
DA:63,2
DA:64,6
DA:65,6
DA:66,6
DA:67,6
DA:70,0
DA:71,0
DA:73,20
DA:74,60
DA:75,20
DA:78,23
DA:82,46
DA:83,23
DA:84,46
DA:88,0
DA:93,111
LF:28
LH:19
end_of_record
SF:lib/src/code/code_edit_result.dart
DA:5,17
DA:12,0
DA:14,0
DA:16,0
DA:17,0
DA:19,0
DA:22,0
DA:23,0
DA:24,0
DA:25,0
DA:28,1
DA:30,1
DA:31,3
DA:32,3
LF:14
LH:5
end_of_record
SF:lib/src/code/code_lines.dart
DA:12,30
DA:23,30
DA:25,51
DA:33,24
DA:35,72
DA:38,96
DA:39,96
DA:41,24
DA:46,24
DA:47,48
DA:48,48
DA:49,24
DA:50,24
DA:52,48
DA:54,72
DA:56,18
DA:60,72
DA:62,17
DA:66,72
DA:67,56
DA:69,8
DA:77,1
DA:78,1
DA:79,1
LF:24
LH:24
end_of_record
SF:lib/src/code/code_lines_builder.dart
DA:7,29
DA:11,29
DA:12,29
DA:15,87
DA:16,29
DA:17,29
DA:18,29
DA:19,87
DA:20,29
DA:21,54
DA:24,29
DA:25,29
DA:28,58
DA:31,29
DA:34,29
DA:35,29
DA:36,29
DA:37,87
DA:38,29
DA:39,87
DA:40,25
DA:41,29
DA:46,29
LF:23
LH:23
end_of_record
SF:lib/src/code/map.dart
DA:2,25
DA:3,25
DA:4,26
DA:5,1
DA:7,1
LF:5
LH:5
end_of_record
SF:lib/src/code/iterable.dart
DA:2,12
LF:1
LH:1
end_of_record
SF:lib/src/code/text_style.dart
DA:4,0
DA:5,0
DA:6,0
DA:9,0
DA:10,0
DA:13,2
DA:14,2
DA:20,2
DA:21,2
DA:22,4
DA:23,2
DA:24,2
DA:25,2
LF:13
LH:8
end_of_record
SF:lib/src/code_field/actions/comment_uncomment.dart
DA:6,2
DA:10,7
DA:15,0
DA:17,0
LF:4
LH:2
end_of_record
SF:lib/src/code_field/actions/copy.dart
DA:8,7
DA:13,1
DA:15,4
DA:16,3
DA:19,1
DA:20,5
DA:23,1
DA:24,5
LF:8
LH:8
end_of_record
SF:lib/src/code_field/actions/indent.dart
DA:6,2
DA:10,7
DA:15,0
DA:17,0
LF:4
LH:2
end_of_record
SF:lib/src/code_field/actions/outdent.dart
DA:6,2
DA:10,7
DA:15,0
DA:17,0
LF:4
LH:2
end_of_record
SF:lib/src/code_field/actions/redo.dart
DA:6,7
DA:11,1
DA:13,3
LF:3
LH:3
end_of_record
SF:lib/src/code_field/actions/undo.dart
DA:6,7
DA:11,1
DA:13,3
LF:3
LH:3
end_of_record
SF:lib/src/code_field/browser_detection.dart
DA:6,7
DA:7,7
DA:11,7
DA:12,14
LF:4
LH:4
end_of_record
SF:lib/src/code_field/browser_detection_io.dart
DA:1,7
LF:1
LH:1
end_of_record
SF:lib/src/code_field/code_controller/helpers/formatter/sql_formatter.dart
DA:3,0
DA:60,0
DA:72,0
DA:74,0
DA:77,0
DA:79,0
DA:82,0
DA:85,0
DA:87,0
DA:90,0
DA:95,0
DA:104,0
DA:105,0
DA:113,0
DA:114,0
DA:126,0
DA:138,0
DA:146,0
DA:159,0
DA:167,0
DA:175,0
DA:185,0
DA:187,0
DA:192,0
DA:193,0
DA:194,0
DA:199,0
DA:200,0
DA:201,0
DA:202,0
DA:203,0
DA:204,0
DA:205,0
DA:220,0
DA:230,0
DA:232,0
DA:233,0
DA:235,0
DA:239,0
DA:241,0
DA:242,0
DA:244,0
DA:245,0
DA:253,0
DA:265,0
DA:266,0
DA:270,0
DA:276,0
DA:278,0
DA:280,0
DA:282,0
DA:286,0
DA:287,0
DA:295,0
DA:309,0
DA:310,0
DA:311,0
DA:312,0
DA:315,0
DA:319,0
DA:320,0
DA:321,0
DA:325,0
DA:326,0
DA:334,0
DA:341,0
DA:343,0
DA:344,0
DA:346,0
DA:347,0
DA:348,0
DA:355,0
DA:367,0
DA:368,0
DA:369,0
DA:373,0
DA:374,0
DA:376,0
DA:382,0
DA:383,0
DA:386,0
DA:387,0
DA:391,0
DA:392,0
DA:394,0
DA:395,0
DA:397,0
DA:401,2
DA:403,2
DA:406,6
DA:407,0
DA:410,2
DA:413,6
DA:415,0
DA:416,0
DA:418,0
DA:424,2
DA:425,8
DA:426,2
DA:430,6
DA:433,2
DA:434,0
DA:442,0
DA:443,0
DA:450,0
DA:451,0
DA:452,0
DA:454,0
DA:460,0
DA:461,0
DA:464,0
DA:465,0
DA:469,0
DA:475,0
DA:476,0
DA:477,0
DA:479,0
DA:480,0
DA:481,0
DA:485,0
DA:486,0
DA:487,0
DA:491,0
DA:501,0
DA:502,0
DA:508,0
DA:509,0
DA:510,0
DA:513,0
DA:517,0
DA:518,0
DA:524,0
DA:525,0
DA:526,0
DA:533,0
DA:535,0
DA:540,0
DA:541,0
DA:542,0
DA:543,0
DA:552,2
DA:553,2
DA:555,2
DA:556,4
DA:557,4
DA:558,4
LF:146
LH:16
end_of_record
SF:lib/src/code_field/code_controller/helpers/suggestions/suggestion_helper.dart
DA:12,11
DA:26,5
DA:34,19
DA:43,12
DA:46,11
DA:49,11
DA:50,0
DA:53,12
DA:56,23
DA:59,22
DA:62,11
DA:65,22
DA:67,11
DA:71,22
DA:72,21
DA:73,5
DA:77,8
DA:78,8
DA:79,9
DA:80,8
DA:81,8
DA:82,8
DA:87,11
DA:88,11
DA:91,22
DA:94,16
DA:95,5
DA:97,5
DA:98,5
DA:100,10
DA:102,0
DA:103,0
DA:104,0
DA:105,0
DA:107,0
DA:110,5
DA:111,5
DA:112,5
DA:113,5
DA:115,10
DA:117,0
DA:118,0
DA:124,11
DA:132,11
DA:134,11
DA:135,11
DA:136,11
DA:137,55
DA:142,11
DA:143,0
DA:144,0
DA:147,0
DA:149,0
DA:152,0
DA:153,0
DA:156,0
DA:157,0
DA:158,0
DA:166,0
DA:167,0
DA:168,0
DA:170,0
DA:171,0
DA:181,0
DA:182,0
DA:185,0
DA:186,0
DA:187,0
DA:196,11
DA:197,11
DA:198,0
DA:201,0
DA:202,0
DA:205,0
DA:206,0
DA:207,0
DA:215,0
DA:216,0
DA:221,0
DA:222,0
DA:223,0
DA:228,11
DA:229,11
DA:230,0
DA:231,0
DA:235,0
DA:237,0
DA:239,0
DA:244,0
DA:246,0
DA:248,0
DA:252,0
DA:255,11
DA:256,11
DA:263,0
DA:264,0
DA:265,0
DA:266,0
DA:272,4
DA:282,4
DA:296,8
DA:297,8
DA:304,4
DA:306,4
DA:309,4
DA:310,3
DA:313,9
DA:318,6
DA:319,0
DA:329,0
DA:330,0
DA:338,0
DA:343,3
DA:345,0
DA:346,0
DA:355,0
DA:360,0
DA:362,0
DA:363,0
DA:364,0
DA:365,0
DA:367,0
DA:370,0
DA:372,0
DA:375,0
DA:376,0
DA:377,0
DA:378,0
DA:379,0
DA:386,0
DA:387,0
DA:392,0
DA:401,5
DA:402,0
DA:405,0
DA:406,0
DA:410,1
DA:415,0
DA:423,1
DA:424,1
DA:429,11
DA:434,11
DA:438,11
DA:441,11
DA:442,11
DA:447,11
DA:448,22
DA:449,11
DA:452,8
DA:456,11
DA:457,8
DA:461,8
DA:470,16
DA:471,16
DA:480,0
DA:481,0
DA:483,0
DA:484,0
DA:490,0
DA:491,0
DA:500,0
DA:506,0
DA:507,0
DA:516,8
DA:522,4
DA:523,0
DA:531,4
DA:532,4
DA:534,0
DA:535,0
DA:541,0
DA:542,0
DA:552,4
DA:555,4
DA:556,4
DA:557,0
DA:559,4
DA:562,4
DA:563,0
DA:566,0
DA:567,0
DA:569,0
DA:570,0
DA:573,0
DA:575,0
DA:578,0
DA:580,0
DA:588,9
DA:589,3
DA:590,0
DA:591,0
DA:592,0
DA:598,0
DA:599,0
DA:604,0
DA:613,8
DA:614,11
DA:616,12
DA:617,3
DA:618,6
DA:619,3
DA:625,3
DA:626,0
DA:631,0
DA:639,4
DA:640,0
DA:642,0
DA:643,0
DA:644,0
DA:646,0
DA:649,0
DA:650,0
DA:651,0
DA:654,0
DA:655,0
DA:656,0
DA:657,0
DA:658,0
DA:664,4
DA:672,8
DA:673,24
DA:678,4
DA:679,0
DA:681,0
DA:682,0
DA:691,15
DA:692,30
DA:695,105
DA:696,12
DA:697,18
DA:702,11
DA:705,11
DA:707,2
DA:710,2
DA:711,0
DA:714,0
DA:715,0
DA:719,0
DA:721,0
DA:724,0
DA:725,0
DA:733,30
DA:737,11
DA:744,2
DA:746,6
DA:751,6
DA:753,0
DA:754,0
DA:755,0
DA:765,0
DA:766,0
DA:767,0
DA:769,0
DA:774,0
DA:778,0
DA:780,0
DA:781,0
DA:782,0
DA:783,0
DA:786,0
DA:793,0
DA:798,0
DA:799,0
DA:802,0
DA:803,0
DA:804,0
DA:807,0
DA:808,0
DA:812,0
DA:813,0
DA:814,0
DA:819,0
DA:820,0
DA:821,0
DA:828,0
DA:829,0
DA:830,0
DA:837,0
DA:838,0
DA:841,0
DA:842,0
DA:845,0
DA:846,0
DA:851,0
DA:852,0
DA:853,0
DA:860,0
DA:861,0
DA:862,0
DA:871,10
DA:873,21
DA:877,3
DA:879,3
DA:881,3
DA:883,1
DA:884,1
DA:885,1
DA:891,21
DA:892,1
DA:901,11
DA:902,11
DA:905,6
DA:909,1
DA:910,1
DA:912,1
DA:913,0
DA:914,0
DA:915,0
DA:918,3
DA:920,2
DA:926,11
DA:927,33
DA:928,22
DA:932,44
DA:935,11
DA:936,33
DA:937,0
DA:940,11
DA:941,11
DA:946,11
DA:949,11
DA:952,5
DA:955,10
DA:958,5
DA:962,5
DA:963,2
DA:966,2
DA:969,6
DA:973,0
DA:977,6
DA:979,12
DA:981,0
DA:982,0
DA:983,0
DA:984,0
DA:986,0
DA:989,6
DA:990,6
DA:991,6
DA:992,6
DA:994,0
DA:1000,0
DA:1002,0
DA:1003,0
DA:1008,0
DA:1009,0
DA:1014,0
DA:1015,0
DA:1016,0
DA:1019,0
DA:1023,0
DA:1024,0
DA:1028,0
DA:1037,0
DA:1038,0
DA:1047,0
DA:1048,0
DA:1050,0
DA:1051,0
DA:1053,0
DA:1054,0
DA:1063,0
DA:1065,0
DA:1066,0
DA:1075,0
DA:1077,0
DA:1078,0
DA:1086,0
DA:1087,0
DA:1089,0
DA:1090,0
DA:1092,0
DA:1093,0
DA:1103,0
DA:1106,0
DA:1107,0
DA:1108,0
DA:1110,0
DA:1113,0
DA:1114,0
DA:1117,0
DA:1118,0
DA:1120,0
DA:1121,0
DA:1124,0
DA:1126,0
DA:1129,0
DA:1131,0
DA:1139,0
DA:1140,0
DA:1141,0
DA:1142,0
DA:1143,0
DA:1145,0
DA:1146,0
DA:1151,0
DA:1160,0
DA:1161,0
DA:1163,0
DA:1164,0
DA:1165,0
DA:1166,0
DA:1168,0
DA:1169,0
DA:1174,0
DA:1182,0
DA:1183,0
DA:1185,0
DA:1186,0
DA:1187,0
DA:1189,0
DA:1192,0
DA:1193,0
DA:1194,0
DA:1197,0
DA:1198,0
DA:1199,0
DA:1200,0
DA:1201,0
DA:1207,0
DA:1215,0
DA:1216,0
DA:1218,0
DA:1219,0
DA:1221,0
DA:1222,0
DA:1233,0
DA:1234,0
DA:1239,0
DA:1242,0
DA:1245,0
DA:1248,0
DA:1251,0
DA:1253,0
DA:1254,0
DA:1258,0
DA:1259,0
DA:1266,0
DA:1270,0
DA:1271,0
DA:1274,0
DA:1277,0
DA:1281,0
DA:1287,0
DA:1291,0
DA:1293,0
DA:1294,0
DA:1295,0
DA:1296,0
DA:1301,0
DA:1302,0
DA:1305,0
DA:1306,0
DA:1310,0
DA:1311,0
DA:1312,0
DA:1315,0
DA:1316,0
DA:1318,0
DA:1319,0
DA:1320,0
DA:1327,0
DA:1328,0
DA:1329,0
LF:464
LH:154
end_of_record
SF:lib/src/code_field/code_controller/helpers/word_insertion/word_insertion_helper.dart
DA:9,19
DA:29,0
DA:34,0
DA:38,0
DA:40,0
DA:42,0
DA:43,0
DA:47,0
DA:48,0
DA:54,0
DA:55,0
DA:58,0
DA:61,0
DA:62,0
DA:67,0
DA:71,0
DA:76,0
DA:79,0
DA:80,0
DA:83,0
DA:84,0
DA:88,0
DA:90,0
DA:93,0
DA:95,0
DA:100,0
DA:110,0
DA:113,0
DA:116,0
DA:117,0
DA:118,0
DA:124,0
DA:126,0
DA:128,0
DA:130,0
DA:133,0
DA:135,0
DA:139,0
DA:141,0
DA:142,0
DA:148,0
DA:149,0
DA:150,0
DA:151,0
DA:152,0
DA:153,0
DA:158,0
DA:159,0
DA:160,0
DA:161,0
DA:162,0
DA:167,0
DA:168,0
DA:169,0
DA:170,0
DA:175,0
DA:176,0
DA:177,0
DA:178,0
DA:179,0
DA:180,0
DA:181,0
DA:182,0
DA:183,0
DA:184,0
DA:191,0
DA:194,0
DA:198,0
DA:201,0
DA:202,0
DA:203,0
DA:207,0
DA:208,0
DA:209,0
DA:212,0
DA:214,0
DA:215,0
DA:225,0
DA:226,0
DA:228,0
DA:229,0
DA:235,0
DA:236,0
DA:237,0
DA:248,0
DA:250,0
DA:256,0
DA:266,0
DA:268,0
DA:269,0
DA:270,0
DA:271,0
DA:275,0
DA:278,0
DA:281,0
DA:285,0
DA:286,0
DA:287,0
DA:290,0
DA:293,0
DA:294,0
DA:295,0
DA:296,0
DA:297,0
DA:298,0
DA:299,0
DA:300,0
DA:301,0
DA:303,0
DA:306,0
DA:307,0
DA:309,0
DA:311,0
DA:314,0
DA:316,0
DA:319,0
DA:330,0
DA:332,0
DA:336,0
DA:337,0
DA:338,0
DA:339,0
DA:348,0
DA:351,0
DA:352,0
DA:353,0
DA:364,0
DA:365,0
DA:366,0
DA:367,0
DA:375,0
DA:376,0
DA:377,0
DA:379,0
DA:381,0
DA:386,0
DA:388,0
DA:389,0
DA:390,0
DA:395,0
DA:396,0
DA:397,0
DA:404,0
DA:405,0
DA:406,0
DA:420,0
DA:421,0
DA:429,0
DA:431,0
DA:432,0
DA:455,0
DA:459,0
DA:460,0
DA:464,0
DA:465,0
DA:469,0
DA:471,0
DA:476,0
DA:477,0
DA:478,0
DA:479,0
DA:483,0
DA:484,0
DA:492,0
DA:493,0
DA:494,0
DA:498,0
DA:499,0
DA:500,0
DA:503,0
DA:506,0
DA:510,0
DA:521,0
DA:522,0
DA:523,0
DA:524,0
DA:528,0
DA:529,0
DA:537,0
DA:538,0
DA:539,0
DA:543,0
DA:544,0
DA:545,0
DA:549,0
DA:550,0
DA:551,0
DA:553,0
DA:556,0
DA:559,0
DA:563,0
DA:565,0
DA:566,0
DA:572,0
DA:573,0
DA:574,0
DA:575,0
LF:197
LH:1
end_of_record
SF:lib/src/code_field/span_builder.dart
DA:10,8
DA:21,8
DA:22,8
DA:23,8
DA:24,8
DA:25,8
DA:26,24
DA:27,8
DA:28,8
DA:33,8
DA:43,8
DA:44,16
DA:50,8
DA:53,8
DA:58,24
DA:59,8
DA:61,8
DA:63,8
DA:64,8
DA:65,8
DA:66,8
DA:74,8
DA:75,24
DA:77,40
DA:78,0
DA:82,8
DA:83,24
DA:88,32
DA:89,32
DA:90,2
LF:30
LH:29
end_of_record
SF:lib/src/history/code_history_controller.dart
DA:29,16
DA:31,16
DA:32,32
DA:33,16
DA:48,16
DA:54,15
DA:57,22
DA:58,16
DA:61,16
DA:68,16
DA:69,12
DA:70,12
DA:71,12
DA:72,12
DA:75,15
DA:76,15
DA:77,15
DA:78,15
DA:81,4
DA:82,4
DA:83,4
DA:84,4
DA:89,16
DA:95,96
DA:100,22
DA:105,105
DA:107,10
DA:116,16
DA:117,32
DA:118,16
DA:119,16
DA:122,16
DA:124,96
DA:125,32
DA:126,32
DA:132,20
DA:133,20
DA:134,20
DA:136,8
DA:137,15
DA:138,6
DA:143,16
DA:144,48
DA:148,45
DA:149,45
DA:150,39
DA:151,20
DA:152,8
DA:156,16
DA:157,16
DA:159,48
DA:160,96
DA:168,16
DA:169,64
DA:172,1
DA:173,1
DA:174,1
DA:177,2
DA:181,5
DA:184,1
DA:185,5
DA:189,5
DA:192,1
DA:193,2
DA:194,2
DA:196,2
DA:199,16
DA:200,18
DA:201,32
DA:202,16
DA:204,16
DA:205,16
DA:208,4
DA:209,5
DA:210,12
DA:213,16
DA:214,16
DA:215,16
DA:216,16
DA:220,16
DA:221,32
DA:222,64
DA:225,1
DA:226,2
DA:227,1
DA:228,1
DA:231,8
DA:232,10
LF:88
LH:88
end_of_record
SF:lib/src/history/code_history_record.dart
DA:7,16
DA:14,1
DA:15,1
DA:16,1
DA:17,1
LF:5
LH:5
end_of_record
SF:lib/src/wip/autocomplete/popup_controller.dart
DA:6,38
DA:16,11
DA:17,11
DA:22,0
DA:23,0
DA:24,0
DA:27,0
DA:29,0
DA:30,0
DA:31,0
DA:34,0
DA:36,0
DA:37,0
DA:38,0
DA:39,0
DA:40,0
DA:48,0
DA:52,0
DA:53,0
DA:54,0
DA:55,0
DA:56,0
DA:59,0
DA:65,0
DA:66,0
DA:67,0
DA:72,0
DA:74,0
DA:75,0
DA:76,0
DA:77,0
DA:78,0
DA:82,0
DA:85,0
DA:86,0
DA:88,0
DA:89,0
DA:91,0
DA:92,0
DA:93,0
DA:97,0
DA:98,0
DA:101,0
DA:103,0
DA:104,0
DA:105,0
DA:106,0
DA:107,0
DA:111,0
DA:114,13
DA:115,13
DA:116,13
DA:119,0
DA:121,0
DA:124,0
DA:125,0
DA:129,0
DA:130,0
DA:131,0
DA:132,0
DA:133,0
DA:135,0
DA:137,0
DA:138,0
DA:139,0
DA:140,0
DA:143,0
DA:144,0
DA:147,0
DA:150,0
DA:151,0
DA:152,0
DA:154,0
DA:157,0
DA:160,0
DA:161,0
DA:162,0
LF:77
LH:6
end_of_record
SF:lib/src/code_field/default_styles.dart
DA:6,21
DA:7,21
LF:2
LH:2
end_of_record
SF:lib/src/code_field/disable_spell_check/disable_spell_check.dart
DA:4,7
DA:5,7
LF:2
LH:2
end_of_record
SF:lib/src/gutter/gutter.dart
DA:17,7
DA:30,7
DA:32,7
DA:33,7
DA:34,7
DA:38,7
DA:39,14
DA:41,21
DA:42,21
DA:43,14
DA:45,14
DA:47,14
DA:49,7
DA:50,21
DA:52,14
DA:54,7
DA:62,7
DA:64,14
DA:65,7
DA:67,14
DA:68,7
DA:71,7
DA:72,14
DA:73,7
DA:74,7
DA:78,14
DA:79,7
DA:80,14
DA:81,7
DA:82,7
DA:83,7
DA:84,7
DA:86,7
DA:87,7
DA:98,7
DA:99,7
DA:100,7
DA:104,7
DA:105,7
DA:108,7
DA:109,14
DA:111,21
DA:112,7
DA:119,21
DA:121,42
DA:122,35
DA:125,28
DA:126,14
DA:127,14
DA:128,7
DA:129,14
DA:130,14
DA:135,7
DA:136,21
DA:137,0
DA:141,0
DA:142,0
DA:146,0
DA:148,0
DA:149,0
DA:154,7
DA:155,14
DA:157,13
DA:158,12
DA:163,12
DA:165,24
DA:166,18
DA:169,0
DA:170,0
DA:176,8
DA:177,2
DA:178,2
DA:182,4
DA:183,3
DA:185,0
DA:190,7
DA:191,28
LF:77
LH:68
end_of_record
SF:lib/src/sizes.dart
DA:16,0
DA:17,0
DA:18,0
DA:19,0
DA:20,0
DA:21,0
DA:22,0
LF:7
LH:0
end_of_record
SF:lib/src/wip/autocomplete/popup.dart
DA:11,0
DA:49,0
DA:50,0
DA:59,0
DA:61,0
DA:62,0
DA:64,0
DA:69,0
DA:70,0
DA:75,0
DA:78,0
DA:79,0
DA:84,0
DA:85,0
DA:86,0
DA:91,0
DA:93,0
DA:94,0
DA:95,0
DA:98,0
DA:101,0
DA:104,0
DA:107,0
DA:110,0
DA:111,0
DA:112,0
DA:114,0
DA:115,0
DA:120,0
DA:121,0
DA:123,0
DA:126,0
DA:127,0
DA:131,0
DA:133,0
DA:135,0
DA:141,0
DA:144,0
DA:148,0
DA:150,0
DA:154,0
DA:156,0
DA:159,0
DA:160,0
DA:161,0
DA:163,0
DA:164,0
DA:165,0
DA:166,0
DA:167,0
DA:168,0
DA:170,0
DA:171,0
DA:173,0
DA:179,0
DA:182,0
DA:184,0
DA:185,0
DA:186,0
DA:188,0
DA:194,0
DA:198,0
DA:200,0
DA:201,0
DA:202,0
DA:203,0
DA:215,0
DA:217,0
DA:218,0
DA:221,0
DA:222,0
DA:225,0
DA:226,0
DA:229,0
DA:230,0
DA:232,0
DA:234,0
DA:235,0
DA:236,0
DA:237,0
DA:238,0
DA:240,0
DA:241,0
DA:242,0
DA:243,0
DA:245,0
DA:248,0
DA:252,0
DA:254,0
DA:256,0
DA:258,0
DA:259,0
DA:261,0
DA:262,0
DA:263,0
DA:270,0
DA:271,0
DA:274,0
DA:275,0
DA:276,0
DA:277,0
DA:278,0
DA:281,0
DA:286,0
DA:290,0
DA:291,0
DA:295,0
DA:298,0
DA:299,0
DA:300,0
DA:301,0
DA:317,0
DA:319,0
DA:322,0
DA:325,0
DA:333,0
DA:334,0
DA:335,0
DA:336,0
DA:339,0
DA:340,0
DA:341,0
DA:347,0
LF:123
LH:0
end_of_record
SF:lib/src/code_field/disable_spell_check/disable_spell_check_if_web_stub.dart
DA:1,7
LF:1
LH:1
end_of_record
SF:lib/src/highlight/node.dart
DA:8,32
DA:12,29
DA:13,87
DA:15,83
DA:16,50
DA:23,29
DA:24,58
DA:26,83
DA:27,50
DA:41,20
DA:42,40
DA:46,60
DA:47,20
DA:48,20
DA:55,23
DA:56,46
DA:57,46
DA:58,88
DA:60,20
DA:61,60
DA:62,20
DA:63,20
DA:64,100
DA:65,40
DA:72,1
DA:73,1
DA:74,5
DA:75,3
DA:76,3
DA:78,1
DA:81,1
DA:82,1
DA:83,3
DA:84,1
DA:85,1
DA:86,2
DA:87,1
DA:90,23
DA:96,23
DA:97,23
DA:98,23
DA:99,23
DA:100,23
DA:105,23
DA:106,138
LF:45
LH:45
end_of_record
SF:lib/src/code_field/text_selection.dart
DA:4,0
DA:6,3
DA:7,3
DA:8,3
DA:9,3
DA:13,13
DA:14,39
DA:17,5
DA:18,10
DA:22,20
LF:10
LH:9
end_of_record
SF:lib/src/util/inclusive_range.dart
DA:6,24
DA:13,2
DA:14,2
DA:15,2
DA:22,2
DA:26,2
DA:29,8
LF:7
LH:7
end_of_record
SF:lib/src/folding/parsers/abstract.dart
DA:37,18
DA:39,36
DA:40,18
DA:46,18
DA:48,36
DA:50,36
DA:51,10
DA:52,5
DA:60,36
DA:61,36
DA:62,18
DA:63,18
DA:70,36
DA:75,23
DA:77,46
DA:78,23
DA:95,24
DA:104,24
DA:105,9
DA:109,18
DA:110,9
DA:120,71
DA:121,69
DA:124,1
DA:128,46
DA:132,23
DA:133,23
DA:134,23
DA:135,9
DA:136,9
DA:139,23
DA:140,18
DA:143,23
DA:144,22
DA:145,22
DA:146,22
DA:151,24
DA:164,24
DA:170,24
DA:171,11
DA:175,20
DA:176,10
DA:186,71
DA:187,69
DA:190,1
DA:194,23
DA:195,23
DA:196,11
DA:197,11
DA:200,23
DA:204,22
DA:209,24
DA:214,24
DA:216,95
DA:217,24
DA:218,24
DA:220,26
DA:221,4
DA:222,2
DA:223,2
DA:224,2
DA:228,48
DA:230,48
DA:231,48
DA:232,48
DA:237,18
DA:246,23
LF:67
LH:67
end_of_record
SF:lib/src/folding/parsers/fallback.dart
DA:13,2
DA:28,4
DA:39,2
DA:45,2
DA:47,2
DA:49,4
DA:53,2
DA:56,2
DA:57,6
DA:58,0
DA:61,6
DA:63,0
DA:69,2
DA:76,4
DA:77,4
DA:79,2
DA:80,6
DA:81,6
DA:82,2
DA:87,2
DA:88,2
DA:89,2
DA:90,2
DA:94,2
DA:95,2
DA:97,4
DA:98,2
DA:99,4
DA:100,2
DA:104,2
DA:107,6
DA:110,2
DA:116,3
DA:117,2
DA:118,2
DA:119,1
DA:121,2
DA:122,2
DA:124,4
DA:125,1
DA:132,2
DA:133,2
DA:134,2
DA:135,3
DA:136,2
DA:138,3
DA:139,7
DA:142,1
DA:145,3
DA:146,2
DA:154,1
DA:155,1
DA:163,2
DA:164,2
DA:165,2
DA:166,2
DA:167,2
DA:168,2
DA:171,2
DA:172,1
DA:176,2
DA:177,2
DA:178,2
DA:179,2
DA:180,2
DA:183,2
DA:184,1
DA:185,1
DA:186,1
DA:189,2
DA:192,2
DA:193,2
DA:194,2
DA:195,2
DA:198,4
DA:201,2
DA:202,2
DA:203,4
DA:207,2
DA:208,2
DA:209,4
DA:213,2
DA:214,2
DA:215,4
DA:219,2
DA:220,2
DA:221,4
DA:225,2
DA:226,2
DA:227,4
DA:231,2
DA:232,2
DA:233,4
DA:238,2
DA:239,2
DA:240,2
DA:242,2
DA:248,2
DA:249,4
DA:252,2
DA:253,4
DA:256,2
DA:257,2
DA:258,2
DA:259,2
DA:262,2
DA:264,2
DA:265,2
DA:266,2
DA:269,2
DA:270,4
LF:111
LH:109
end_of_record
SF:lib/src/folding/parsers/text.dart
DA:10,36
DA:12,21
DA:13,42
DA:18,9
DA:19,9
DA:21,4
DA:27,0
DA:28,0
DA:34,18
DA:35,18
DA:40,4
DA:42,11
DA:43,11
DA:49,0
DA:51,6
DA:52,6
DA:58,38
DA:60,22
DA:61,22
DA:63,23
DA:65,23
DA:66,9
DA:67,9
DA:71,23
DA:72,18
DA:73,36
DA:74,18
DA:78,23
DA:79,0
DA:80,0
DA:84,23
DA:85,11
DA:89,23
DA:90,22
DA:91,22
DA:95,23
DA:96,6
DA:97,6
DA:101,23
DA:104,21
DA:106,21
DA:107,21
DA:108,21
DA:109,21
DA:110,21
DA:111,21
DA:114,66
DA:116,23
DA:117,46
LF:49
LH:44
end_of_record
SF:lib/src/folding/parsers/indent.dart
DA:15,5
DA:21,10
DA:22,5
DA:25,5
DA:26,10
DA:28,10
DA:34,4
DA:35,8
DA:37,8
DA:38,8
DA:41,5
DA:42,10
DA:43,15
DA:44,5
DA:45,20
DA:46,9
DA:51,4
DA:52,12
DA:53,4
DA:55,4
DA:56,12
DA:57,4
DA:58,8
DA:60,4
DA:64,4
DA:65,4
DA:67,4
DA:74,4
DA:75,12
DA:76,4
DA:80,4
DA:82,4
DA:83,8
DA:86,4
DA:87,16
DA:90,4
DA:94,6
DA:95,3
DA:98,8
DA:99,8
DA:103,4
DA:104,8
DA:105,4
DA:115,4
DA:120,5
DA:121,5
DA:126,4
DA:128,4
DA:134,4
DA:139,4
DA:142,5
DA:146,15
DA:147,10
DA:154,4
DA:155,15
DA:156,8
DA:163,5
LF:57
LH:57
end_of_record
SF:lib/src/folding/parsers/java.dart
DA:9,18
DA:15,18
DA:16,1
DA:17,18
DA:18,18
DA:24,54
DA:25,54
LF:7
LH:7
end_of_record
SF:lib/src/folding/parsers/java_fallback.dart
DA:8,1
DA:9,1
DA:10,3
DA:11,1
DA:12,1
LF:5
LH:5
end_of_record
SF:lib/src/folding/parsers/python.dart
DA:12,4
DA:18,4
DA:19,1
DA:20,4
DA:22,4
DA:28,4
DA:29,4
DA:35,8
DA:39,3
DA:43,6
DA:44,3
DA:47,4
DA:53,4
DA:58,12
DA:59,4
DA:75,3
DA:82,3
DA:84,6
DA:85,6
DA:86,6
DA:87,6
DA:91,2
DA:93,2
DA:96,2
DA:98,2
DA:99,4
DA:101,4
DA:102,2
DA:103,1
DA:106,2
DA:107,2
DA:115,2
DA:120,2
DA:125,2
DA:127,2
DA:131,2
DA:137,5
DA:138,1
DA:139,2
DA:140,1
LF:40
LH:40
end_of_record
SF:lib/src/folding/parsers/python_fallback.dart
DA:7,1
DA:8,1
DA:9,3
DA:10,1
LF:4
LH:4
end_of_record
SF:lib/src/gutter/clickable.dart
DA:5,6
DA:13,6
DA:15,6
DA:17,6
DA:19,6
DA:20,6
DA:21,6
LF:7
LH:7
end_of_record
SF:lib/src/gutter/error.dart
DA:16,0
DA:20,0
DA:21,0
DA:28,0
DA:30,0
DA:31,0
DA:32,0
DA:33,0
DA:34,0
DA:37,0
DA:38,0
DA:39,0
DA:42,0
DA:45,0
DA:47,0
DA:48,0
DA:49,0
DA:50,0
DA:51,0
DA:61,0
DA:62,0
DA:63,0
DA:65,0
DA:67,0
DA:69,0
DA:70,0
DA:72,0
DA:73,0
DA:74,0
DA:75,0
DA:76,0
DA:77,0
DA:78,0
DA:79,0
DA:81,0
DA:82,0
DA:83,0
DA:84,0
DA:86,0
DA:88,0
DA:90,0
DA:91,0
DA:97,0
DA:98,0
DA:99,0
DA:100,0
DA:103,0
DA:106,0
DA:107,0
DA:108,0
DA:110,0
DA:111,0
DA:112,0
DA:113,0
DA:114,0
DA:118,0
DA:119,0
DA:120,0
DA:122,0
LF:59
LH:0
end_of_record
SF:lib/src/gutter/fold_toggle.dart
DA:6,6
DA:16,6
DA:18,6
DA:19,6
DA:20,6
DA:21,6
DA:22,6
DA:24,6
LF:8
LH:8
end_of_record
SF:lib/src/hidden_ranges/line_numbering_breakpoint.dart
DA:5,9
DA:10,19
DA:15,28
DA:29,44
DA:31,44
DA:34,40
DA:40,1
DA:41,2
DA:42,2
DA:45,4
DA:46,2
DA:49,2
DA:56,1
DA:57,2
DA:58,2
DA:61,4
DA:62,2
DA:68,0
DA:69,0
DA:70,0
DA:72,1
DA:73,1
DA:74,1
DA:75,1
DA:76,1
LF:25
LH:22
end_of_record
SF:lib/src/history/limit_stack.dart
DA:2,16
DA:8,16
DA:9,32
DA:11,16
DA:12,32
DA:14,64
DA:15,6
DA:19,16
DA:20,64
DA:23,16
DA:24,32
DA:27,1
DA:28,2
DA:31,16
DA:32,32
DA:35,1
DA:36,2
LF:17
LH:17
end_of_record
SF:lib/src/single_line_comments/parser/abstract_single_line_comment_parser.dart
DA:6,0
DA:7,0
DA:9,28
DA:10,28
DA:11,46
DA:12,54
LF:6
LH:4
end_of_record
SF:lib/src/single_line_comments/parser/highlight_single_line_comment_parser.dart
DA:8,29
DA:13,29
DA:22,29
DA:26,116
DA:27,58
DA:28,66
DA:30,22
DA:31,42
DA:32,21
DA:36,21
DA:43,58
DA:44,58
DA:48,22
DA:49,44
DA:50,22
LF:15
LH:15
end_of_record
SF:lib/src/single_line_comments/parser/text_single_line_comment_parser.dart
DA:7,7
DA:11,7
DA:19,7
DA:20,14
DA:24,14
DA:25,7
DA:28,10
DA:29,5
DA:30,5
DA:32,5
DA:33,5
DA:39,7
DA:40,21
DA:44,7
DA:45,7
DA:47,14
DA:48,7
DA:50,14
DA:51,5
DA:55,7
LF:20
LH:20
end_of_record
SF:lib/src/code_modifiers/insertion.dart
DA:10,1
DA:13,1
DA:32,1
DA:38,6
DA:40,1
DA:41,1
DA:42,5
DA:43,5
LF:8
LH:8
end_of_record
